00:00:00.213979 VirtualBox GUI VM Selector Window 6.1.18 r142142 linux.amd64 (Jan  7 2021 16:59:21) release log
00:00:00.213982 Log opened 2021-04-11T11:54:55.172750000Z
00:00:00.213983 Build Type: release
00:00:00.213986 OS Product: Linux
00:00:00.213987 OS Release: 4.19.0-16-amd64
00:00:00.213988 OS Version: #1 SMP Debian 4.19.181-1 (2021-03-19)
00:00:00.214012 DMI Product Name: To Be Filled By O.E.M.
00:00:00.214018 DMI Product Version: To Be Filled By O.E.M.
00:00:00.214028 Firmware type: BIOS
00:00:00.214065 Host RAM: 15951MB (15.5GB) total, 14870MB (14.5GB) available
00:00:00.214070 Executable: /usr/lib/virtualbox/VirtualBox
00:00:00.214071 Process ID: 9066
00:00:00.214071 Package type: LINUX_64BITS_DEBIAN_10_0
00:00:00.214096 Qt version: 5.11.3
00:00:00.233354 GUI: UIMediumEnumerator: Medium-enumeration started...
00:00:00.233367 GUI: UIMediumEnumerator: Medium-enumeration finished!
00:00:00.534526 GUI: UIDesktopWidgetWatchdog::sltHandleHostScreenAvailableGeometryCalculated: Screen 0 work area is actually resized to: 10x37 x 1894x1027
00:00:42.654371 GUI: UIMediumEnumerator: Medium with key={{dd545fdc-1df3-414d-b3ae-08a17fb35188}} created
00:00:42.746460 GUI: UIMediumEnumerator: Medium-enumeration finished!
00:01:11.603777 GUI: UIMediumEnumerator: Medium-enumeration finished!
00:01:29.407997 GUI: UIMediumEnumerator: Medium-enumeration finished!
00:01:30.038712 GUI: UIMediumEnumerator: Medium-enumeration finished!
00:01:30.058042 GUI: UIMediumEnumerator: Medium-enumeration finished!
