00:00:00.000157 main     VirtualBox XPCOM Server 6.1.18 r142142 linux.amd64 (Jan  7 2021 16:59:21) release log
00:00:00.000160 main     Log opened 2021-04-11T11:54:55.030157000Z
00:00:00.000161 main     Build Type: release
00:00:00.000164 main     OS Product: Linux
00:00:00.000164 main     OS Release: 4.19.0-16-amd64
00:00:00.000165 main     OS Version: #1 SMP Debian 4.19.181-1 (2021-03-19)
00:00:00.000184 main     DMI Product Name: To Be Filled By O.E.M.
00:00:00.000189 main     DMI Product Version: To Be Filled By O.E.M.
00:00:00.000197 main     Firmware type: BIOS
00:00:00.000232 main     Host RAM: 15951MB (15.5GB) total, 14871MB (14.5GB) available
00:00:00.000236 main     Executable: /usr/lib/virtualbox/VBoxSVC
00:00:00.000236 main     Process ID: 9092
00:00:00.000237 main     Package type: LINUX_64BITS_DEBIAN_10_0
00:00:00.001358 main     IPC socket path: /tmp/.vbox-atb43-ipc/ipcd
00:00:00.104313 nspr-2   VirtualBox: object creation starts
00:00:00.104440 nspr-2   Home directory: '/home/atb43/.config/VirtualBox'
00:00:00.104751 nspr-2   Loading settings file "/home/atb43/.config/VirtualBox/VirtualBox.xml" with version "1.12-linux"
00:00:00.106255 nspr-2   HostDnsMonitor: initializing
00:00:00.106632 nspr-2   NAT: resolv.conf: nameserver 75.75.75.75
00:00:00.106650 nspr-2   NAT: resolv.conf: nameserver 75.75.76.76
00:00:00.106681 nspr-2   HostDnsMonitor: updating information
00:00:00.106731 nspr-2   HostDnsMonitor: old information
00:00:00.106739 nspr-2     no server entries
00:00:00.106744 nspr-2     no domain set
00:00:00.106749 nspr-2     no search string entries
00:00:00.106754 nspr-2   HostDnsMonitor: new information
00:00:00.106758 nspr-2     server 1: 75.75.75.75
00:00:00.106764 nspr-2     server 2: 75.75.76.76
00:00:00.106770 nspr-2     domain: hsd1.pa.comcast.net.
00:00:00.106775 nspr-2     search string 1: hsd1.pa.comcast.net.
00:00:00.111593 nspr-2   VD: VDInit finished with VINF_SUCCESS
00:00:00.112211 nspr-2   VirtualBox: object created
00:00:42.069853 createBase Saving settings file "/home/atb43/.config/VirtualBox/VirtualBox.xml" with version "1.12-linux"
00:00:42.602137 nspr-2   Saving settings file "/home/atb43/VirtualBox VMs/Ubuntu/Ubuntu.vbox" with version "1.16-linux"
00:00:42.605186 nspr-4   WARNING [COM]: aRC=NS_ERROR_FAILURE (0x80004005) aIID={16ced992-5fdc-4aba-aff5-6a39bbd7c38b} aComponent={HostWrap} aText={VirtualBox is not currently allowed to access USB devices.  You can change this by adding your user to the 'vboxusers' group.  Please see the user manual for a more detailed explanation}, preserve=true  aResultDetail=0
00:00:42.606226 nspr-4   Saving settings file "/home/atb43/VirtualBox VMs/Ubuntu/Ubuntu.vbox" with version "1.16-linux"
00:00:42.609272 nspr-4   Saving settings file "/home/atb43/.config/VirtualBox/VirtualBox.xml" with version "1.12-linux"
00:00:42.613908 nspr-4   Saving settings file "/home/atb43/.config/VirtualBox/VirtualBox.xml" with version "1.12-linux"
00:00:42.617157 nspr-2   Saving settings file "/home/atb43/VirtualBox VMs/Ubuntu/Ubuntu.vbox" with version "1.16-linux"
00:00:42.998305 nspr-2   WARNING [COM]: aRC=NS_ERROR_FAILURE (0x80004005) aIID={16ced992-5fdc-4aba-aff5-6a39bbd7c38b} aComponent={HostWrap} aText={VirtualBox is not currently allowed to access USB devices.  You can change this by adding your user to the 'vboxusers' group.  Please see the user manual for a more detailed explanation}, preserve=true  aResultDetail=0
00:00:43.145877 nspr-2   WARNING [COM]: aRC=NS_ERROR_FAILURE (0x80004005) aIID={16ced992-5fdc-4aba-aff5-6a39bbd7c38b} aComponent={HostWrap} aText={VirtualBox is not currently allowed to access USB devices.  You can change this by adding your user to the 'vboxusers' group.  Please see the user manual for a more detailed explanation}, preserve=true  aResultDetail=0
00:00:43.146640 nspr-2   WARNING [COM]: aRC=NS_ERROR_FAILURE (0x80004005) aIID={16ced992-5fdc-4aba-aff5-6a39bbd7c38b} aComponent={HostWrap} aText={VirtualBox is not currently allowed to access USB devices.  You can change this by adding your user to the 'vboxusers' group.  Please see the user manual for a more detailed explanation}, preserve=true  aResultDetail=0
00:00:50.555875 nspr-4   WARNING [COM]: aRC=NS_ERROR_FAILURE (0x80004005) aIID={16ced992-5fdc-4aba-aff5-6a39bbd7c38b} aComponent={HostWrap} aText={VirtualBox is not currently allowed to access USB devices.  You can change this by adding your user to the 'vboxusers' group.  Please see the user manual for a more detailed explanation}, preserve=true  aResultDetail=0
00:00:51.017577 nspr-3   WARNING [COM]: aRC=NS_ERROR_FAILURE (0x80004005) aIID={16ced992-5fdc-4aba-aff5-6a39bbd7c38b} aComponent={HostWrap} aText={VirtualBox is not currently allowed to access USB devices.  You can change this by adding your user to the 'vboxusers' group.  Please see the user manual for a more detailed explanation}, preserve=true  aResultDetail=0
00:00:51.018025 nspr-4   WARNING [COM]: aRC=NS_ERROR_FAILURE (0x80004005) aIID={16ced992-5fdc-4aba-aff5-6a39bbd7c38b} aComponent={HostWrap} aText={VirtualBox is not currently allowed to access USB devices.  You can change this by adding your user to the 'vboxusers' group.  Please see the user manual for a more detailed explanation}, preserve=true  aResultDetail=0
00:00:51.181016 nspr-3   WARNING [COM]: aRC=NS_ERROR_FAILURE (0x80004005) aIID={16ced992-5fdc-4aba-aff5-6a39bbd7c38b} aComponent={HostWrap} aText={VirtualBox is not currently allowed to access USB devices.  You can change this by adding your user to the 'vboxusers' group.  Please see the user manual for a more detailed explanation}, preserve=true  aResultDetail=0
00:00:51.181875 nspr-3   WARNING [COM]: aRC=NS_ERROR_FAILURE (0x80004005) aIID={16ced992-5fdc-4aba-aff5-6a39bbd7c38b} aComponent={HostWrap} aText={VirtualBox is not currently allowed to access USB devices.  You can change this by adding your user to the 'vboxusers' group.  Please see the user manual for a more detailed explanation}, preserve=true  aResultDetail=0
00:01:11.492954 nspr-4   WARNING [COM]: aRC=NS_ERROR_FAILURE (0x80004005) aIID={16ced992-5fdc-4aba-aff5-6a39bbd7c38b} aComponent={HostWrap} aText={VirtualBox is not currently allowed to access USB devices.  You can change this by adding your user to the 'vboxusers' group.  Please see the user manual for a more detailed explanation}, preserve=true  aResultDetail=0
00:01:11.493191 nspr-4   Saving settings file "/home/atb43/VirtualBox VMs/Ubuntu/Ubuntu.vbox" with version "1.16-linux"
00:01:11.591676 nspr-2   WARNING [COM]: aRC=NS_ERROR_FAILURE (0x80004005) aIID={16ced992-5fdc-4aba-aff5-6a39bbd7c38b} aComponent={HostWrap} aText={VirtualBox is not currently allowed to access USB devices.  You can change this by adding your user to the 'vboxusers' group.  Please see the user manual for a more detailed explanation}, preserve=true  aResultDetail=0
00:01:11.592279 nspr-4   WARNING [COM]: aRC=NS_ERROR_FAILURE (0x80004005) aIID={16ced992-5fdc-4aba-aff5-6a39bbd7c38b} aComponent={HostWrap} aText={VirtualBox is not currently allowed to access USB devices.  You can change this by adding your user to the 'vboxusers' group.  Please see the user manual for a more detailed explanation}, preserve=true  aResultDetail=0
00:01:15.529353 nspr-2   Launched VM: 4227911456 pid: 14422 (0x3856) frontend: GUI/Qt name: Ubuntu
00:01:15.566633 nspr-3   WARNING [COM]: aRC=NS_ERROR_FAILURE (0x80004005) aIID={16ced992-5fdc-4aba-aff5-6a39bbd7c38b} aComponent={HostWrap} aText={VirtualBox is not currently allowed to access USB devices.  You can change this by adding your user to the 'vboxusers' group.  Please see the user manual for a more detailed explanation}, preserve=true  aResultDetail=0
00:01:15.567322 nspr-3   WARNING [COM]: aRC=NS_ERROR_FAILURE (0x80004005) aIID={16ced992-5fdc-4aba-aff5-6a39bbd7c38b} aComponent={HostWrap} aText={VirtualBox is not currently allowed to access USB devices.  You can change this by adding your user to the 'vboxusers' group.  Please see the user manual for a more detailed explanation}, preserve=true  aResultDetail=0
00:01:15.726128 nspr-5   WARNING [COM]: aRC=NS_ERROR_FAILURE (0x80004005) aIID={16ced992-5fdc-4aba-aff5-6a39bbd7c38b} aComponent={HostWrap} aText={VirtualBox is not currently allowed to access USB devices.  You can change this by adding your user to the 'vboxusers' group.  Please see the user manual for a more detailed explanation}, preserve=true  aResultDetail=0
00:01:15.726818 nspr-5   WARNING [COM]: aRC=NS_ERROR_FAILURE (0x80004005) aIID={16ced992-5fdc-4aba-aff5-6a39bbd7c38b} aComponent={HostWrap} aText={VirtualBox is not currently allowed to access USB devices.  You can change this by adding your user to the 'vboxusers' group.  Please see the user manual for a more detailed explanation}, preserve=true  aResultDetail=0
00:01:16.150072 nspr-3   WARNING [COM]: aRC=NS_ERROR_FAILURE (0x80004005) aIID={16ced992-5fdc-4aba-aff5-6a39bbd7c38b} aComponent={HostWrap} aText={VirtualBox is not currently allowed to access USB devices.  You can change this by adding your user to the 'vboxusers' group.  Please see the user manual for a more detailed explanation}, preserve=true  aResultDetail=0
00:01:16.150649 nspr-2   WARNING [COM]: aRC=NS_ERROR_FAILURE (0x80004005) aIID={16ced992-5fdc-4aba-aff5-6a39bbd7c38b} aComponent={HostWrap} aText={VirtualBox is not currently allowed to access USB devices.  You can change this by adding your user to the 'vboxusers' group.  Please see the user manual for a more detailed explanation}, preserve=true  aResultDetail=0
00:01:16.150842 nspr-2   ERROR [COM]: aRC=VBOX_E_OBJECT_NOT_FOUND (0x80bb0001) aIID={70401eef-c8e9-466b-9660-45cb3e9979e4} aComponent={ExtPackManagerWrap} aText={No extension pack by the name 'Oracle VM VirtualBox Extension Pack' was found}, preserve=false aResultDetail=0
00:01:16.190008 nspr-4   WARNING [COM]: aRC=NS_ERROR_FAILURE (0x80004005) aIID={16ced992-5fdc-4aba-aff5-6a39bbd7c38b} aComponent={HostWrap} aText={VirtualBox is not currently allowed to access USB devices.  You can change this by adding your user to the 'vboxusers' group.  Please see the user manual for a more detailed explanation}, preserve=true  aResultDetail=0
00:01:16.190502 nspr-3   WARNING [COM]: aRC=NS_ERROR_FAILURE (0x80004005) aIID={16ced992-5fdc-4aba-aff5-6a39bbd7c38b} aComponent={HostWrap} aText={VirtualBox is not currently allowed to access USB devices.  You can change this by adding your user to the 'vboxusers' group.  Please see the user manual for a more detailed explanation}, preserve=true  aResultDetail=0
00:01:16.239024 nspr-3   ERROR [COM]: aRC=VBOX_E_IPRT_ERROR (0x80bb0005) aIID={85632c68-b5bb-4316-a900-5eb28d3413df} aComponent={SessionMachine} aText={Saved screenshot data is not available (VERR_NOT_SUPPORTED)}, preserve=false aResultDetail=-37
00:01:20.484015 nspr-5   WARNING [COM]: aRC=NS_ERROR_FAILURE (0x80004005) aIID={16ced992-5fdc-4aba-aff5-6a39bbd7c38b} aComponent={HostWrap} aText={VirtualBox is not currently allowed to access USB devices.  You can change this by adding your user to the 'vboxusers' group.  Please see the user manual for a more detailed explanation}, preserve=true  aResultDetail=0
00:01:20.507311 nspr-3   WARNING [COM]: aRC=NS_ERROR_FAILURE (0x80004005) aIID={16ced992-5fdc-4aba-aff5-6a39bbd7c38b} aComponent={HostWrap} aText={VirtualBox is not currently allowed to access USB devices.  You can change this by adding your user to the 'vboxusers' group.  Please see the user manual for a more detailed explanation}, preserve=true  aResultDetail=0
00:01:20.508307 nspr-3   WARNING [COM]: aRC=NS_ERROR_FAILURE (0x80004005) aIID={16ced992-5fdc-4aba-aff5-6a39bbd7c38b} aComponent={HostWrap} aText={VirtualBox is not currently allowed to access USB devices.  You can change this by adding your user to the 'vboxusers' group.  Please see the user manual for a more detailed explanation}, preserve=true  aResultDetail=0
00:01:21.232042 nspr-7   WARNING [COM]: aRC=NS_ERROR_FAILURE (0x80004005) aIID={16ced992-5fdc-4aba-aff5-6a39bbd7c38b} aComponent={HostWrap} aText={VirtualBox is not currently allowed to access USB devices.  You can change this by adding your user to the 'vboxusers' group.  Please see the user manual for a more detailed explanation}, preserve=true  aResultDetail=0
00:01:21.232972 nspr-2   WARNING [COM]: aRC=NS_ERROR_FAILURE (0x80004005) aIID={16ced992-5fdc-4aba-aff5-6a39bbd7c38b} aComponent={HostWrap} aText={VirtualBox is not currently allowed to access USB devices.  You can change this by adding your user to the 'vboxusers' group.  Please see the user manual for a more detailed explanation}, preserve=true  aResultDetail=0
00:01:27.106530 nspr-6   WARNING [COM]: aRC=NS_ERROR_FAILURE (0x80004005) aIID={16ced992-5fdc-4aba-aff5-6a39bbd7c38b} aComponent={HostWrap} aText={VirtualBox is not currently allowed to access USB devices.  You can change this by adding your user to the 'vboxusers' group.  Please see the user manual for a more detailed explanation}, preserve=true  aResultDetail=0
00:01:27.107261 nspr-2   WARNING [COM]: aRC=NS_ERROR_FAILURE (0x80004005) aIID={16ced992-5fdc-4aba-aff5-6a39bbd7c38b} aComponent={HostWrap} aText={VirtualBox is not currently allowed to access USB devices.  You can change this by adding your user to the 'vboxusers' group.  Please see the user manual for a more detailed explanation}, preserve=true  aResultDetail=0
00:01:29.322815 nspr-3   Saving settings file "/home/atb43/VirtualBox VMs/Ubuntu/Ubuntu.vbox" with version "1.16-linux"
00:01:29.361226 nspr-5   WARNING [COM]: aRC=NS_ERROR_FAILURE (0x80004005) aIID={16ced992-5fdc-4aba-aff5-6a39bbd7c38b} aComponent={HostWrap} aText={VirtualBox is not currently allowed to access USB devices.  You can change this by adding your user to the 'vboxusers' group.  Please see the user manual for a more detailed explanation}, preserve=true  aResultDetail=0
00:01:29.361986 nspr-3   WARNING [COM]: aRC=NS_ERROR_FAILURE (0x80004005) aIID={16ced992-5fdc-4aba-aff5-6a39bbd7c38b} aComponent={HostWrap} aText={VirtualBox is not currently allowed to access USB devices.  You can change this by adding your user to the 'vboxusers' group.  Please see the user manual for a more detailed explanation}, preserve=true  aResultDetail=0
00:01:29.416108 nspr-7   Saving settings file "/home/atb43/VirtualBox VMs/Ubuntu/Ubuntu.vbox" with version "1.16-linux"
00:01:29.447664 nspr-5   WARNING [COM]: aRC=NS_ERROR_FAILURE (0x80004005) aIID={16ced992-5fdc-4aba-aff5-6a39bbd7c38b} aComponent={HostWrap} aText={VirtualBox is not currently allowed to access USB devices.  You can change this by adding your user to the 'vboxusers' group.  Please see the user manual for a more detailed explanation}, preserve=true  aResultDetail=0
00:01:29.448414 nspr-2   WARNING [COM]: aRC=NS_ERROR_FAILURE (0x80004005) aIID={16ced992-5fdc-4aba-aff5-6a39bbd7c38b} aComponent={HostWrap} aText={VirtualBox is not currently allowed to access USB devices.  You can change this by adding your user to the 'vboxusers' group.  Please see the user manual for a more detailed explanation}, preserve=true  aResultDetail=0
00:01:29.940980 nspr-3   Saving settings file "/home/atb43/VirtualBox VMs/Ubuntu/Ubuntu.vbox" with version "1.16-linux"
00:01:29.953627 nspr-3   Saving settings file "/home/atb43/VirtualBox VMs/Ubuntu/Ubuntu.vbox" with version "1.16-linux"
00:01:30.000720 nspr-2   WARNING [COM]: aRC=NS_ERROR_FAILURE (0x80004005) aIID={16ced992-5fdc-4aba-aff5-6a39bbd7c38b} aComponent={HostWrap} aText={VirtualBox is not currently allowed to access USB devices.  You can change this by adding your user to the 'vboxusers' group.  Please see the user manual for a more detailed explanation}, preserve=true  aResultDetail=0
00:01:30.001435 nspr-4   WARNING [COM]: aRC=NS_ERROR_FAILURE (0x80004005) aIID={16ced992-5fdc-4aba-aff5-6a39bbd7c38b} aComponent={HostWrap} aText={VirtualBox is not currently allowed to access USB devices.  You can change this by adding your user to the 'vboxusers' group.  Please see the user manual for a more detailed explanation}, preserve=true  aResultDetail=0
00:01:30.463044 nspr-5   WARNING [COM]: aRC=NS_ERROR_FAILURE (0x80004005) aIID={16ced992-5fdc-4aba-aff5-6a39bbd7c38b} aComponent={HostWrap} aText={VirtualBox is not currently allowed to access USB devices.  You can change this by adding your user to the 'vboxusers' group.  Please see the user manual for a more detailed explanation}, preserve=true  aResultDetail=0
00:01:30.463802 nspr-5   WARNING [COM]: aRC=NS_ERROR_FAILURE (0x80004005) aIID={16ced992-5fdc-4aba-aff5-6a39bbd7c38b} aComponent={HostWrap} aText={VirtualBox is not currently allowed to access USB devices.  You can change this by adding your user to the 'vboxusers' group.  Please see the user manual for a more detailed explanation}, preserve=true  aResultDetail=0
00:08:04.672227 dns-monitor NAT: resolv.conf: nameserver 10.10.10.10
00:08:04.672243 dns-monitor NAT: resolv.conf: nameserver 10.10.20.10
00:08:04.672258 dns-monitor HostDnsMonitor: updating information
00:08:04.672287 dns-monitor HostDnsMonitor: old information
00:08:04.672291 dns-monitor   server 1: 75.75.75.75
00:08:04.672295 dns-monitor   server 2: 75.75.76.76
00:08:04.672298 dns-monitor   domain: hsd1.pa.comcast.net.
00:08:04.672301 dns-monitor   search string 1: hsd1.pa.comcast.net.
00:08:04.672305 dns-monitor HostDnsMonitor: new information
00:08:04.672307 dns-monitor   server 1: 10.10.10.10
00:08:04.672310 dns-monitor   server 2: 10.10.20.10
00:08:04.672314 dns-monitor   domain: hsd1.pa.comcast.net.
00:08:04.672316 dns-monitor   search string 1: hsd1.pa.comcast.net.
00:08:04.672320 dns-monitor   search string 2: hsd1.pa.comcast.net.
00:08:04.672323 dns-monitor   search string 3: pitt.edu
00:12:07.214399 nspr-2   Saving settings file "/home/atb43/.config/VirtualBox/VirtualBox.xml" with version "1.12-linux"
00:12:07.226863 nspr-2   Saving settings file "/home/atb43/.config/VirtualBox/VirtualBox.xml" with version "1.12-linux"
00:12:07.231584 nspr-4   Saving settings file "/home/atb43/.config/VirtualBox/VirtualBox.xml" with version "1.12-linux"
00:12:07.236095 nspr-7   Saving settings file "/home/atb43/.config/VirtualBox/VirtualBox.xml" with version "1.12-linux"
00:12:12.750082 main     VirtualBox: object deletion starts
00:12:12.750156 main     ERROR [COM]: aRC=VBOX_E_OBJECT_IN_USE (0x80bb000c) aIID={ad47ad09-787b-44ab-b343-a082a3f2dfb1} aComponent={MediumWrap} aText={Medium '/home/atb43/VirtualBox VMs/Ubuntu/Ubuntu.vdi' cannot be closed because it is still attached to 1 virtual machines}, preserve=false aResultDetail=0
00:12:12.750829 main     HostDnsMonitor: shutting down ...
00:12:12.764152 main     HostDnsMonitor: shut down
00:12:13.056164 Watcher  ERROR [COM]: aRC=E_ACCESSDENIED (0x80070005) aIID={d0a0163f-e254-4e5b-a1f2-011cf991c38d} aComponent={VirtualBoxWrap} aText={The object is not ready}, preserve=false aResultDetail=0
00:12:17.764318 main     {00007f79fc016d50} HostPowerServiceLinux::~HostPowerServiceLinux: RTThreadWait() for 5000 ms failed with VERR_TIMEOUT
00:12:17.764747 main     VirtualBox: object deleted
